<?xml version="1.0" encoding="UTF-8"?>
<testng-results ignored="0" total="1" passed="1" failed="0" skipped="0">
  <reporter-output>
  </reporter-output>
  <suite started-at="2022-11-29T17:24:12 IST" name="Suite" finished-at="2022-11-29T17:24:40 IST" duration-ms="28020">
    <groups>
    </groups>
    <test started-at="2022-11-29T17:24:12 IST" name="Test" finished-at="2022-11-29T17:24:40 IST" duration-ms="28020">
      <class name="TestLayer.LoginPageTest">
        <test-method is-config="true" signature="start()[pri:0, instance:TestLayer.LoginPageTest@7e07db1f]" started-at="2022-11-29T17:24:12 IST" name="start" finished-at="2022-11-29T17:24:13 IST" duration-ms="466" status="PASS">
          <reporter-output>
          </reporter-output>
        </test-method> <!-- start -->
        <test-method is-config="true" signature="setup(java.lang.String)[pri:0, instance:TestLayer.LoginPageTest@7e07db1f]" started-at="2022-11-29T17:24:13 IST" name="setup" finished-at="2022-11-29T17:24:40 IST" duration-ms="27392" status="PASS">
          <params>
            <param index="0">
              <value>
                <![CDATA[chrome]]>
              </value>
            </param>
          </params>
          <reporter-output>
          </reporter-output>
        </test-method> <!-- setup -->
        <test-method signature="verifyLoginTest()[pri:0, instance:TestLayer.LoginPageTest@7e07db1f]" started-at="2022-11-29T17:24:40 IST" name="verifyLoginTest" finished-at="2022-11-29T17:24:40 IST" duration-ms="66" status="PASS">
          <reporter-output>
          </reporter-output>
        </test-method> <!-- verifyLoginTest -->
        <test-method is-config="true" signature="teardown()[pri:0, instance:TestLayer.LoginPageTest@7e07db1f]" started-at="2022-11-29T17:24:40 IST" name="teardown" finished-at="2022-11-29T17:24:40 IST" duration-ms="1" status="PASS">
          <reporter-output>
          </reporter-output>
        </test-method> <!-- teardown -->
        <test-method is-config="true" signature="end()[pri:0, instance:TestLayer.LoginPageTest@7e07db1f]" started-at="2022-11-29T17:24:40 IST" name="end" finished-at="2022-11-29T17:24:40 IST" duration-ms="2" status="PASS">
          <reporter-output>
          </reporter-output>
        </test-method> <!-- end -->
      </class> <!-- TestLayer.LoginPageTest -->
    </test> <!-- Test -->
  </suite> <!-- Suite -->
</testng-results>
